<?xml version="1.0" encoding="UTF-8"?>
<!-- Generated by org.testng.reporters.JUnitReportReporter -->
<testsuite hostname="DESKTOP-LN74GU8" failures="0" tests="2" name="cratorgTest.CreatOrgTest" time="0.037" errors="0" timestamp="2022-01-25T15:55:19 IST" skipped="0">
  <testcase classname="cratorgTest.CreatOrgTest" name="creatOrgTest" time="0.006"/>
  <system-out/>
  <testcase classname="cratorgTest.CreatOrgTest" name="craetOrgWithIndustry" time="0.031"/>
  <system-out/>
</testsuite> <!-- cratorgTest.CreatOrgTest -->
