<?xml version="1.0" encoding="UTF-8"?>
<!-- Generated by org.testng.reporters.JUnitReportReporter -->
<testsuite hostname="DESKTOP-LN74GU8" failures="0" tests="1" name="contacttest.LeadTest" time="0.017" errors="0" timestamp="2022-01-27T14:23:54 IST" skipped="0">
  <testcase classname="contacttest.LeadTest" name="leadTest" time="0.017"/>
  <system-out/>
</testsuite> <!-- contacttest.LeadTest -->
